# JRE version: OpenJDK Runtime Environment Temurin-17.0.4+8 (17.0.4+8) (build 17.0.4+8)
# Java VM: OpenJDK 64-Bit Server VM Temurin-17.0.4+8 (17.0.4+8, mixed mode, tiered, compressed oops, compressed class ptrs, g1 gc, windows-amd64)
GC Precious Log:
 CPUs: 4 total, 4 available
 Memory: 4039M
 Large Page Support: Disabled
 NUMA Support: Disabled
 Compressed Oops: Enabled (32-bit)
 Heap Region Size: 1M
 Heap Min Capacity: 8M
 Heap Initial Capacity: 64M
 Heap Max Capacity: 1010M
 Pre-touch: Disabled
 Parallel Workers: 4
 Concurrent Workers: 1
 Concurrent Refinement Workers: 4
 Periodic GC: Disabled
Heap:
 garbage-first heap   total 34816K, used 10334K [0x00000000c0e00000, 0x0000000100000000)
  region size 1024K, 2 young (2048K), 1 survivors (1024K)
 Metaspace       used 26680K, committed 26944K, reserved 1081344K
  class space    used 3077K, committed 3200K, reserved 1048576K
GC Heap History (9 events):
Event: 1.374 GC heap before
{Heap before GC invocations=0 (full 0):
 garbage-first heap   total 65536K, used 12288K [0x00000000c0e00000, 0x0000000100000000)
  region size 1024K, 13 young (13312K), 0 survivors (0K)
 Metaspace       used 9981K, committed 10112K, reserved 1064960K
  class space    used 911K, committed 960K, reserved 1048576K
}
Event: 1.383 GC heap after
{Heap after GC invocations=1 (full 0):
 garbage-first heap   total 65536K, used 4393K [0x00000000c0e00000, 0x0000000100000000)
  region size 1024K, 2 young (2048K), 2 survivors (2048K)
 Metaspace       used 9981K, committed 10112K, reserved 1064960K
  class space    used 911K, committed 960K, reserved 1048576K
}
Event: 2.070 GC heap before
{Heap before GC invocations=1 (full 0):
 garbage-first heap   total 65536K, used 17705K [0x00000000c0e00000, 0x0000000100000000)
  region size 1024K, 15 young (15360K), 2 survivors (2048K)
 Metaspace       used 14425K, committed 14592K, reserved 1064960K
  class space    used 1501K, committed 1600K, reserved 1048576K
}
Event: 2.082 GC heap after
{Heap after GC invocations=2 (full 0):
 garbage-first heap   total 65536K, used 5652K [0x00000000c0e00000, 0x0000000100000000)
  region size 1024K, 2 young (2048K), 2 survivors (2048K)
 Metaspace       used 14425K, committed 14592K, reserved 1064960K
  class space    used 1501K, committed 1600K, reserved 1048576K
}
Event: 3.620 GC heap before
{Heap before GC invocations=2 (full 0):
 garbage-first heap   total 65536K, used 28180K [0x00000000c0e00000, 0x0000000100000000)
  region size 1024K, 25 young (25600K), 2 survivors (2048K)
 Metaspace       used 21229K, committed 21504K, reserved 1073152K
  class space    used 2337K, committed 2496K, reserved 1048576K
}
Event: 3.630 GC heap after
{Heap after GC invocations=3 (full 0):
 garbage-first heap   total 65536K, used 8076K [0x00000000c0e00000, 0x0000000100000000)
  region size 1024K, 4 young (4096K), 4 survivors (4096K)
 Metaspace       used 21229K, committed 21504K, reserved 1073152K
  class space    used 2337K, committed 2496K, reserved 1048576K
}
Event: 5.597 GC heap before
{Heap before GC invocations=4 (full 0):
 garbage-first heap   total 34816K, used 24460K [0x00000000c0e00000, 0x0000000100000000)
  region size 1024K, 20 young (20480K), 4 survivors (4096K)
 Metaspace       used 26427K, committed 26688K, reserved 1073152K
  class space    used 3045K, committed 3200K, reserved 1048576K
}
Event: 5.616 GC heap after
{Heap after GC invocations=5 (full 0):
 garbage-first heap   total 34816K, used 9310K [0x00000000c0e00000, 0x0000000100000000)
  region size 1024K, 2 young (2048K), 2 survivors (2048K)
 Metaspace       used 26427K, committed 26688K, reserved 1073152K
  class space    used 3045K, committed 3200K, reserved 1048576K
}
Event: 5.682 GC heap before
{Heap before GC invocations=5 (full 0):
 garbage-first heap   total 34816K, used 10334K [0x00000000c0e00000, 0x0000000100000000)
  region size 1024K, 3 young (3072K), 2 survivors (2048K)
 Metaspace       used 26680K, committed 26944K, reserved 1081344K
  class space    used 3077K, committed 3200K, reserved 1048576K
}

