<?xml version="1.0" encoding="UTF-8"?>
<testng-results ignored="0" total="1" passed="1" failed="0" skipped="0">
  <reporter-output>
  </reporter-output>
  <suite started-at="2023-02-15T11:44:37Z" name="com.testrunner.RunnerTest" finished-at="2023-02-15T11:44:58Z" duration-ms="21067">
    <groups>
      <group name="cucumber">
        <method signature="AbstractTestNGCucumberTests.runScenario(io.cucumber.testng.PickleWrapper, io.cucumber.testng.FeatureWrapper)[pri:0, instance:com.testrunner.RunnerTest@7ec7ffd3]" name="runScenario" class="io.cucumber.testng.AbstractTestNGCucumberTests"/>
      </group> <!-- cucumber -->
    </groups>
    <test started-at="2023-02-15T11:44:37Z" name="Command line test" finished-at="2023-02-15T11:44:58Z" duration-ms="21067">
      <class name="com.testrunner.RunnerTest">
        <test-method is-config="true" signature="setUpClass(org.testng.ITestContext)[pri:0, instance:com.testrunner.RunnerTest@7ec7ffd3]" started-at="2023-02-15T11:44:37Z" name="setUpClass" finished-at="2023-02-15T11:44:38Z" duration-ms="643" status="PASS">
          <params>
            <param index="0">
              <value>
                <![CDATA[org.testng.TestRunner@70c0a3d5]]>
              </value>
            </param>
          </params>
          <reporter-output>
          </reporter-output>
        </test-method> <!-- setUpClass -->
        <test-method signature="runScenario(io.cucumber.testng.PickleWrapper, io.cucumber.testng.FeatureWrapper)[pri:0, instance:com.testrunner.RunnerTest@7ec7ffd3]" started-at="2023-02-15T11:44:38Z" name="runScenario" description="Runs Cucumber Scenarios" data-provider="scenarios" finished-at="2023-02-15T11:44:58Z" duration-ms="20357" status="PASS">
          <params>
            <param index="0">
              <value>
                <![CDATA["Verify sign in Funcitonality"]]>
              </value>
            </param>
            <param index="1">
              <value>
                <![CDATA["Unknown"]]>
              </value>
            </param>
          </params>
          <reporter-output>
          </reporter-output>
        </test-method> <!-- runScenario -->
        <test-method is-config="true" signature="tearDownClass()[pri:0, instance:com.testrunner.RunnerTest@7ec7ffd3]" started-at="2023-02-15T11:44:58Z" name="tearDownClass" finished-at="2023-02-15T11:44:58Z" duration-ms="22" status="PASS">
          <reporter-output>
          </reporter-output>
        </test-method> <!-- tearDownClass -->
      </class> <!-- com.testrunner.RunnerTest -->
    </test> <!-- Command line test -->
  </suite> <!-- com.testrunner.RunnerTest -->
</testng-results>
